0 info it worked if it ends with ok
1 verbose cli [ '/usr/bin/node',
1 verbose cli   '/usr/bin/npm',
1 verbose cli   'install',
1 verbose cli   '-g',
1 verbose cli   'express-generator' ]
2 info using npm@3.5.2
3 info using node@v8.10.0
4 silly loadCurrentTree Starting
5 silly install loadCurrentTree
6 silly install readGlobalPackageData
7 silly fetchPackageMetaData express-generator
8 silly fetchNamedPackageData express-generator
9 silly mapToRegistry name express-generator
10 silly mapToRegistry using default registry
11 silly mapToRegistry registry https://registry.npmjs.org/
12 silly mapToRegistry uri https://registry.npmjs.org/express-generator
13 verbose request uri https://registry.npmjs.org/express-generator
14 verbose request no auth needed
15 info attempt registry request try #1 at 11:35:07 AM
16 verbose request id 2b3fc2071d47097a
17 verbose etag W/"3fca1ab765b0d6dbfc421afab882828c"
18 verbose lastModified Fri, 03 May 2019 13:58:57 GMT
19 http request GET https://registry.npmjs.org/express-generator
20 http 304 https://registry.npmjs.org/express-generator
21 verbose headers { date: 'Sat, 13 Jun 2020 06:05:09 GMT',
21 verbose headers   connection: 'keep-alive',
21 verbose headers   'set-cookie':
21 verbose headers    [ '__cfduid=d7eaa4313ae7190b6aa89e5756f43f04e1592028307; expires=Mon, 13-Jul-20 06:05:07 GMT; path=/; domain=.npmjs.org; HttpOnly; SameSite=Lax' ],
21 verbose headers   'cf-ray': '5a299e3b6eaa7f2f-CMB',
21 verbose headers   'cache-control': 'public, max-age=300',
21 verbose headers   etag: '"3fca1ab765b0d6dbfc421afab882828c"',
21 verbose headers   'last-modified': 'Fri, 03 May 2019 13:58:57 GMT',
21 verbose headers   vary: 'Accept-Encoding',
21 verbose headers   'cf-cache-status': 'REVALIDATED',
21 verbose headers   'cf-request-id': '034de1392500007f2f20217200000001',
21 verbose headers   'expect-ct': 'max-age=604800, report-uri="https://report-uri.cloudflare.com/cdn-cgi/beacon/expect-ct"',
21 verbose headers   server: 'cloudflare' }
22 silly get cb [ 304,
22 silly get   { date: 'Sat, 13 Jun 2020 06:05:09 GMT',
22 silly get     connection: 'keep-alive',
22 silly get     'set-cookie':
22 silly get      [ '__cfduid=d7eaa4313ae7190b6aa89e5756f43f04e1592028307; expires=Mon, 13-Jul-20 06:05:07 GMT; path=/; domain=.npmjs.org; HttpOnly; SameSite=Lax' ],
22 silly get     'cf-ray': '5a299e3b6eaa7f2f-CMB',
22 silly get     'cache-control': 'public, max-age=300',
22 silly get     etag: '"3fca1ab765b0d6dbfc421afab882828c"',
22 silly get     'last-modified': 'Fri, 03 May 2019 13:58:57 GMT',
22 silly get     vary: 'Accept-Encoding',
22 silly get     'cf-cache-status': 'REVALIDATED',
22 silly get     'cf-request-id': '034de1392500007f2f20217200000001',
22 silly get     'expect-ct': 'max-age=604800, report-uri="https://report-uri.cloudflare.com/cdn-cgi/beacon/expect-ct"',
22 silly get     server: 'cloudflare' } ]
23 verbose etag https://registry.npmjs.org/express-generator from cache
24 verbose get saving express-generator to /home/chanu/.npm/registry.npmjs.org/express-generator/.cache.json
25 silly install normalizeTree
26 silly loadCurrentTree Finishing
27 silly loadIdealTree Starting
28 silly install loadIdealTree
29 silly cloneCurrentTree Starting
30 silly install cloneCurrentTreeToIdealTree
31 silly cloneCurrentTree Finishing
32 silly loadShrinkwrap Starting
33 silly install loadShrinkwrap
34 silly loadShrinkwrap Finishing
35 silly loadAllDepsIntoIdealTree Starting
36 silly install loadAllDepsIntoIdealTree
37 silly resolveWithNewModule express-generator@4.16.1 checking installable status
38 silly cache add args [ 'express-generator', null ]
39 verbose cache add spec express-generator
40 silly cache add parsed spec Result {
40 silly cache add   raw: 'express-generator',
40 silly cache add   scope: null,
40 silly cache add   name: 'express-generator',
40 silly cache add   rawSpec: '',
40 silly cache add   spec: 'latest',
40 silly cache add   type: 'tag' }
41 silly addNamed express-generator@latest
42 verbose addNamed "latest" is being treated as a dist-tag for express-generator
43 info addNameTag [ 'express-generator', 'latest' ]
44 silly mapToRegistry name express-generator
45 silly mapToRegistry using default registry
46 silly mapToRegistry registry https://registry.npmjs.org/
47 silly mapToRegistry uri https://registry.npmjs.org/express-generator
48 verbose addNameTag registry:https://registry.npmjs.org/express-generator not in flight; fetching
49 verbose get https://registry.npmjs.org/express-generator not expired, no request
50 silly addNameTag next cb for express-generator with tag latest
51 silly addNamed express-generator@4.16.1
52 verbose addNamed "4.16.1" is a plain semver version for express-generator
53 silly cache afterAdd express-generator@4.16.1
54 verbose afterAdd /home/chanu/.npm/express-generator/4.16.1/package/package.json not in flight; writing
55 verbose afterAdd /home/chanu/.npm/express-generator/4.16.1/package/package.json written
56 silly fetchNamedPackageData commander
57 silly mapToRegistry name commander
58 silly mapToRegistry using default registry
59 silly mapToRegistry registry https://registry.npmjs.org/
60 silly mapToRegistry uri https://registry.npmjs.org/commander
61 silly fetchNamedPackageData ejs
62 silly mapToRegistry name ejs
63 silly mapToRegistry using default registry
64 silly mapToRegistry registry https://registry.npmjs.org/
65 silly mapToRegistry uri https://registry.npmjs.org/ejs
66 silly fetchNamedPackageData minimatch
67 silly mapToRegistry name minimatch
68 silly mapToRegistry using default registry
69 silly mapToRegistry registry https://registry.npmjs.org/
70 silly mapToRegistry uri https://registry.npmjs.org/minimatch
71 silly fetchNamedPackageData mkdirp
72 silly mapToRegistry name mkdirp
73 silly mapToRegistry using default registry
74 silly mapToRegistry registry https://registry.npmjs.org/
75 silly mapToRegistry uri https://registry.npmjs.org/mkdirp
76 silly fetchNamedPackageData sorted-object
77 silly mapToRegistry name sorted-object
78 silly mapToRegistry using default registry
79 silly mapToRegistry registry https://registry.npmjs.org/
80 silly mapToRegistry uri https://registry.npmjs.org/sorted-object
81 verbose request uri https://registry.npmjs.org/commander
82 verbose request no auth needed
83 info attempt registry request try #1 at 11:35:09 AM
84 verbose etag W/"fb3d3d954aec42c9b808c62ade0538d9"
85 verbose lastModified Sat, 23 May 2020 16:39:33 GMT
86 http request GET https://registry.npmjs.org/commander
87 verbose request uri https://registry.npmjs.org/ejs
88 verbose request no auth needed
89 info attempt registry request try #1 at 11:35:09 AM
90 verbose etag W/"bf24080b8af27956814dd3567f3e5480"
91 verbose lastModified Sun, 17 May 2020 07:00:38 GMT
92 http request GET https://registry.npmjs.org/ejs
93 verbose request uri https://registry.npmjs.org/mkdirp
94 verbose request no auth needed
95 info attempt registry request try #1 at 11:35:09 AM
96 verbose etag W/"0730d9c43c136c318d8e19c69cbd72aa"
97 verbose lastModified Wed, 22 Apr 2020 06:03:24 GMT
98 http request GET https://registry.npmjs.org/mkdirp
99 verbose request uri https://registry.npmjs.org/sorted-object
100 verbose request no auth needed
101 info attempt registry request try #1 at 11:35:09 AM
102 verbose etag W/"ea98145528816e58739d28c9c9bc4e4f"
103 verbose lastModified Sun, 27 May 2018 17:50:35 GMT
104 http request GET https://registry.npmjs.org/sorted-object
105 verbose request uri https://registry.npmjs.org/minimatch
106 verbose request no auth needed
107 info attempt registry request try #1 at 11:35:09 AM
108 verbose etag W/"74d0b8b38c427aed03f1f23d14bfb863"
109 verbose lastModified Mon, 15 Apr 2019 06:36:47 GMT
110 http request GET https://registry.npmjs.org/minimatch
111 http 304 https://registry.npmjs.org/commander
112 verbose headers { date: 'Sat, 13 Jun 2020 06:05:10 GMT',
112 verbose headers   connection: 'keep-alive',
112 verbose headers   'set-cookie':
112 verbose headers    [ '__cfduid=dbdbb3c8847f4eaf914d01e9006acbacd1592028309; expires=Mon, 13-Jul-20 06:05:09 GMT; path=/; domain=.npmjs.org; HttpOnly; SameSite=Lax' ],
112 verbose headers   'cf-ray': '5a299e473b597f2f-CMB',
112 verbose headers   'cache-control': 'public, max-age=300',
112 verbose headers   etag: '"fb3d3d954aec42c9b808c62ade0538d9"',
112 verbose headers   'last-modified': 'Sat, 23 May 2020 16:39:33 GMT',
112 verbose headers   vary: 'Accept-Encoding',
112 verbose headers   'cf-cache-status': 'REVALIDATED',
112 verbose headers   'cf-request-id': '034de1408700007f2f20262200000001',
112 verbose headers   'expect-ct': 'max-age=604800, report-uri="https://report-uri.cloudflare.com/cdn-cgi/beacon/expect-ct"',
112 verbose headers   server: 'cloudflare' }
113 silly get cb [ 304,
113 silly get   { date: 'Sat, 13 Jun 2020 06:05:10 GMT',
113 silly get     connection: 'keep-alive',
113 silly get     'set-cookie':
113 silly get      [ '__cfduid=dbdbb3c8847f4eaf914d01e9006acbacd1592028309; expires=Mon, 13-Jul-20 06:05:09 GMT; path=/; domain=.npmjs.org; HttpOnly; SameSite=Lax' ],
113 silly get     'cf-ray': '5a299e473b597f2f-CMB',
113 silly get     'cache-control': 'public, max-age=300',
113 silly get     etag: '"fb3d3d954aec42c9b808c62ade0538d9"',
113 silly get     'last-modified': 'Sat, 23 May 2020 16:39:33 GMT',
113 silly get     vary: 'Accept-Encoding',
113 silly get     'cf-cache-status': 'REVALIDATED',
113 silly get     'cf-request-id': '034de1408700007f2f20262200000001',
113 silly get     'expect-ct': 'max-age=604800, report-uri="https://report-uri.cloudflare.com/cdn-cgi/beacon/expect-ct"',
113 silly get     server: 'cloudflare' } ]
114 verbose etag https://registry.npmjs.org/commander from cache
115 verbose get saving commander to /home/chanu/.npm/registry.npmjs.org/commander/.cache.json
116 silly resolveWithNewModule commander@2.15.1 checking installable status
117 silly cache add args [ 'commander@2.15.1', null ]
118 verbose cache add spec commander@2.15.1
119 silly cache add parsed spec Result {
119 silly cache add   raw: 'commander@2.15.1',
119 silly cache add   scope: null,
119 silly cache add   name: 'commander',
119 silly cache add   rawSpec: '2.15.1',
119 silly cache add   spec: '2.15.1',
119 silly cache add   type: 'version' }
120 silly addNamed commander@2.15.1
121 verbose addNamed "2.15.1" is a plain semver version for commander
122 silly mapToRegistry name commander
123 silly mapToRegistry using default registry
124 silly mapToRegistry registry https://registry.npmjs.org/
125 silly mapToRegistry uri https://registry.npmjs.org/commander
126 verbose addNameVersion registry:https://registry.npmjs.org/commander not in flight; fetching
127 verbose get https://registry.npmjs.org/commander not expired, no request
128 silly cache afterAdd commander@2.15.1
129 verbose afterAdd /home/chanu/.npm/commander/2.15.1/package/package.json not in flight; writing
130 verbose afterAdd /home/chanu/.npm/commander/2.15.1/package/package.json written
131 http 304 https://registry.npmjs.org/ejs
132 verbose headers { date: 'Sat, 13 Jun 2020 06:05:10 GMT',
132 verbose headers   connection: 'keep-alive',
132 verbose headers   'set-cookie':
132 verbose headers    [ '__cfduid=d8838e124ef2f25cc6444b2f06fa1e0af1592028309; expires=Mon, 13-Jul-20 06:05:09 GMT; path=/; domain=.npmjs.org; HttpOnly; SameSite=Lax' ],
132 verbose headers   'cf-ray': '5a299e47d9c97f1d-CMB',
132 verbose headers   'cache-control': 'public, max-age=300',
132 verbose headers   etag: '"bf24080b8af27956814dd3567f3e5480"',
132 verbose headers   'last-modified': 'Sun, 17 May 2020 07:00:38 GMT',
132 verbose headers   vary: 'Accept-Encoding',
132 verbose headers   'cf-cache-status': 'REVALIDATED',
132 verbose headers   'cf-request-id': '034de140e200007f1d6b0b3200000001',
132 verbose headers   'expect-ct': 'max-age=604800, report-uri="https://report-uri.cloudflare.com/cdn-cgi/beacon/expect-ct"',
132 verbose headers   server: 'cloudflare' }
133 silly get cb [ 304,
133 silly get   { date: 'Sat, 13 Jun 2020 06:05:10 GMT',
133 silly get     connection: 'keep-alive',
133 silly get     'set-cookie':
133 silly get      [ '__cfduid=d8838e124ef2f25cc6444b2f06fa1e0af1592028309; expires=Mon, 13-Jul-20 06:05:09 GMT; path=/; domain=.npmjs.org; HttpOnly; SameSite=Lax' ],
133 silly get     'cf-ray': '5a299e47d9c97f1d-CMB',
133 silly get     'cache-control': 'public, max-age=300',
133 silly get     etag: '"bf24080b8af27956814dd3567f3e5480"',
133 silly get     'last-modified': 'Sun, 17 May 2020 07:00:38 GMT',
133 silly get     vary: 'Accept-Encoding',
133 silly get     'cf-cache-status': 'REVALIDATED',
133 silly get     'cf-request-id': '034de140e200007f1d6b0b3200000001',
133 silly get     'expect-ct': 'max-age=604800, report-uri="https://report-uri.cloudflare.com/cdn-cgi/beacon/expect-ct"',
133 silly get     server: 'cloudflare' } ]
134 verbose etag https://registry.npmjs.org/ejs from cache
135 verbose get saving ejs to /home/chanu/.npm/registry.npmjs.org/ejs/.cache.json
136 http 304 https://registry.npmjs.org/mkdirp
137 verbose headers { date: 'Sat, 13 Jun 2020 06:05:10 GMT',
137 verbose headers   connection: 'keep-alive',
137 verbose headers   'set-cookie':
137 verbose headers    [ '__cfduid=d834b39a29b5bd66c48f770aba9de504b1592028309; expires=Mon, 13-Jul-20 06:05:09 GMT; path=/; domain=.npmjs.org; HttpOnly; SameSite=Lax' ],
137 verbose headers   'cf-ray': '5a299e47eff37f29-CMB',
137 verbose headers   'cache-control': 'public, max-age=300',
137 verbose headers   etag: '"0730d9c43c136c318d8e19c69cbd72aa"',
137 verbose headers   'last-modified': 'Wed, 22 Apr 2020 06:03:24 GMT',
137 verbose headers   vary: 'Accept-Encoding',
137 verbose headers   'cf-cache-status': 'REVALIDATED',
137 verbose headers   'cf-request-id': '034de140ee00007f2961b85200000001',
137 verbose headers   'expect-ct': 'max-age=604800, report-uri="https://report-uri.cloudflare.com/cdn-cgi/beacon/expect-ct"',
137 verbose headers   server: 'cloudflare' }
138 silly get cb [ 304,
138 silly get   { date: 'Sat, 13 Jun 2020 06:05:10 GMT',
138 silly get     connection: 'keep-alive',
138 silly get     'set-cookie':
138 silly get      [ '__cfduid=d834b39a29b5bd66c48f770aba9de504b1592028309; expires=Mon, 13-Jul-20 06:05:09 GMT; path=/; domain=.npmjs.org; HttpOnly; SameSite=Lax' ],
138 silly get     'cf-ray': '5a299e47eff37f29-CMB',
138 silly get     'cache-control': 'public, max-age=300',
138 silly get     etag: '"0730d9c43c136c318d8e19c69cbd72aa"',
138 silly get     'last-modified': 'Wed, 22 Apr 2020 06:03:24 GMT',
138 silly get     vary: 'Accept-Encoding',
138 silly get     'cf-cache-status': 'REVALIDATED',
138 silly get     'cf-request-id': '034de140ee00007f2961b85200000001',
138 silly get     'expect-ct': 'max-age=604800, report-uri="https://report-uri.cloudflare.com/cdn-cgi/beacon/expect-ct"',
138 silly get     server: 'cloudflare' } ]
139 verbose etag https://registry.npmjs.org/mkdirp from cache
140 verbose get saving mkdirp to /home/chanu/.npm/registry.npmjs.org/mkdirp/.cache.json
141 http 304 https://registry.npmjs.org/sorted-object
142 verbose headers { date: 'Sat, 13 Jun 2020 06:05:10 GMT',
142 verbose headers   connection: 'keep-alive',
142 verbose headers   'set-cookie':
142 verbose headers    [ '__cfduid=dd547d0247c7607038fa09bcabf8a74f21592028309; expires=Mon, 13-Jul-20 06:05:09 GMT; path=/; domain=.npmjs.org; HttpOnly; SameSite=Lax' ],
142 verbose headers   'cf-ray': '5a299e47ea577f35-CMB',
142 verbose headers   'cache-control': 'public, max-age=300',
142 verbose headers   etag: '"ea98145528816e58739d28c9c9bc4e4f"',
142 verbose headers   'last-modified': 'Sun, 27 May 2018 17:50:35 GMT',
142 verbose headers   vary: 'Accept-Encoding',
142 verbose headers   'cf-cache-status': 'REVALIDATED',
142 verbose headers   'cf-request-id': '034de140f400007f35ef851200000001',
142 verbose headers   'expect-ct': 'max-age=604800, report-uri="https://report-uri.cloudflare.com/cdn-cgi/beacon/expect-ct"',
142 verbose headers   server: 'cloudflare' }
143 silly get cb [ 304,
143 silly get   { date: 'Sat, 13 Jun 2020 06:05:10 GMT',
143 silly get     connection: 'keep-alive',
143 silly get     'set-cookie':
143 silly get      [ '__cfduid=dd547d0247c7607038fa09bcabf8a74f21592028309; expires=Mon, 13-Jul-20 06:05:09 GMT; path=/; domain=.npmjs.org; HttpOnly; SameSite=Lax' ],
143 silly get     'cf-ray': '5a299e47ea577f35-CMB',
143 silly get     'cache-control': 'public, max-age=300',
143 silly get     etag: '"ea98145528816e58739d28c9c9bc4e4f"',
143 silly get     'last-modified': 'Sun, 27 May 2018 17:50:35 GMT',
143 silly get     vary: 'Accept-Encoding',
143 silly get     'cf-cache-status': 'REVALIDATED',
143 silly get     'cf-request-id': '034de140f400007f35ef851200000001',
143 silly get     'expect-ct': 'max-age=604800, report-uri="https://report-uri.cloudflare.com/cdn-cgi/beacon/expect-ct"',
143 silly get     server: 'cloudflare' } ]
144 verbose etag https://registry.npmjs.org/sorted-object from cache
145 verbose get saving sorted-object to /home/chanu/.npm/registry.npmjs.org/sorted-object/.cache.json
146 http 304 https://registry.npmjs.org/minimatch
147 verbose headers { date: 'Sat, 13 Jun 2020 06:05:10 GMT',
147 verbose headers   connection: 'keep-alive',
147 verbose headers   'set-cookie':
147 verbose headers    [ '__cfduid=dbdbb3c8847f4eaf914d01e9006acbacd1592028309; expires=Mon, 13-Jul-20 06:05:09 GMT; path=/; domain=.npmjs.org; HttpOnly; SameSite=Lax' ],
147 verbose headers   'cf-ray': '5a299e47fbeb7f2f-CMB',
147 verbose headers   'cache-control': 'public, max-age=300',
147 verbose headers   etag: '"74d0b8b38c427aed03f1f23d14bfb863"',
147 verbose headers   'last-modified': 'Mon, 15 Apr 2019 06:36:47 GMT',
147 verbose headers   vary: 'Accept-Encoding',
147 verbose headers   'cf-cache-status': 'REVALIDATED',
147 verbose headers   'cf-request-id': '034de140fb00007f2f2087b200000001',
147 verbose headers   'expect-ct': 'max-age=604800, report-uri="https://report-uri.cloudflare.com/cdn-cgi/beacon/expect-ct"',
147 verbose headers   server: 'cloudflare' }
148 silly get cb [ 304,
148 silly get   { date: 'Sat, 13 Jun 2020 06:05:10 GMT',
148 silly get     connection: 'keep-alive',
148 silly get     'set-cookie':
148 silly get      [ '__cfduid=dbdbb3c8847f4eaf914d01e9006acbacd1592028309; expires=Mon, 13-Jul-20 06:05:09 GMT; path=/; domain=.npmjs.org; HttpOnly; SameSite=Lax' ],
148 silly get     'cf-ray': '5a299e47fbeb7f2f-CMB',
148 silly get     'cache-control': 'public, max-age=300',
148 silly get     etag: '"74d0b8b38c427aed03f1f23d14bfb863"',
148 silly get     'last-modified': 'Mon, 15 Apr 2019 06:36:47 GMT',
148 silly get     vary: 'Accept-Encoding',
148 silly get     'cf-cache-status': 'REVALIDATED',
148 silly get     'cf-request-id': '034de140fb00007f2f2087b200000001',
148 silly get     'expect-ct': 'max-age=604800, report-uri="https://report-uri.cloudflare.com/cdn-cgi/beacon/expect-ct"',
148 silly get     server: 'cloudflare' } ]
149 verbose etag https://registry.npmjs.org/minimatch from cache
150 verbose get saving minimatch to /home/chanu/.npm/registry.npmjs.org/minimatch/.cache.json
151 silly resolveWithNewModule sorted-object@2.0.1 checking installable status
152 silly cache add args [ 'sorted-object@2.0.1', null ]
153 verbose cache add spec sorted-object@2.0.1
154 silly cache add parsed spec Result {
154 silly cache add   raw: 'sorted-object@2.0.1',
154 silly cache add   scope: null,
154 silly cache add   name: 'sorted-object',
154 silly cache add   rawSpec: '2.0.1',
154 silly cache add   spec: '2.0.1',
154 silly cache add   type: 'version' }
155 silly addNamed sorted-object@2.0.1
156 verbose addNamed "2.0.1" is a plain semver version for sorted-object
157 silly mapToRegistry name sorted-object
158 silly mapToRegistry using default registry
159 silly mapToRegistry registry https://registry.npmjs.org/
160 silly mapToRegistry uri https://registry.npmjs.org/sorted-object
161 verbose addNameVersion registry:https://registry.npmjs.org/sorted-object not in flight; fetching
162 silly resolveWithNewModule ejs@2.6.1 checking installable status
163 silly cache add args [ 'ejs@2.6.1', null ]
164 verbose cache add spec ejs@2.6.1
165 silly cache add parsed spec Result {
165 silly cache add   raw: 'ejs@2.6.1',
165 silly cache add   scope: null,
165 silly cache add   name: 'ejs',
165 silly cache add   rawSpec: '2.6.1',
165 silly cache add   spec: '2.6.1',
165 silly cache add   type: 'version' }
166 silly addNamed ejs@2.6.1
167 verbose addNamed "2.6.1" is a plain semver version for ejs
168 silly mapToRegistry name ejs
169 silly mapToRegistry using default registry
170 silly mapToRegistry registry https://registry.npmjs.org/
171 silly mapToRegistry uri https://registry.npmjs.org/ejs
172 verbose addNameVersion registry:https://registry.npmjs.org/ejs not in flight; fetching
173 silly resolveWithNewModule mkdirp@0.5.1 checking installable status
174 silly cache add args [ 'mkdirp@0.5.1', null ]
175 verbose cache add spec mkdirp@0.5.1
176 silly cache add parsed spec Result {
176 silly cache add   raw: 'mkdirp@0.5.1',
176 silly cache add   scope: null,
176 silly cache add   name: 'mkdirp',
176 silly cache add   rawSpec: '0.5.1',
176 silly cache add   spec: '0.5.1',
176 silly cache add   type: 'version' }
177 silly addNamed mkdirp@0.5.1
178 verbose addNamed "0.5.1" is a plain semver version for mkdirp
179 silly mapToRegistry name mkdirp
180 silly mapToRegistry using default registry
181 silly mapToRegistry registry https://registry.npmjs.org/
182 silly mapToRegistry uri https://registry.npmjs.org/mkdirp
183 verbose addNameVersion registry:https://registry.npmjs.org/mkdirp not in flight; fetching
184 silly resolveWithNewModule minimatch@3.0.4 checking installable status
185 silly cache add args [ 'minimatch@3.0.4', null ]
186 verbose cache add spec minimatch@3.0.4
187 silly cache add parsed spec Result {
187 silly cache add   raw: 'minimatch@3.0.4',
187 silly cache add   scope: null,
187 silly cache add   name: 'minimatch',
187 silly cache add   rawSpec: '3.0.4',
187 silly cache add   spec: '3.0.4',
187 silly cache add   type: 'version' }
188 silly addNamed minimatch@3.0.4
189 verbose addNamed "3.0.4" is a plain semver version for minimatch
190 silly mapToRegistry name minimatch
191 silly mapToRegistry using default registry
192 silly mapToRegistry registry https://registry.npmjs.org/
193 silly mapToRegistry uri https://registry.npmjs.org/minimatch
194 verbose addNameVersion registry:https://registry.npmjs.org/minimatch not in flight; fetching
195 verbose get https://registry.npmjs.org/sorted-object not expired, no request
196 verbose get https://registry.npmjs.org/mkdirp not expired, no request
197 warn deprecated mkdirp@0.5.1: Legacy versions of mkdirp are no longer supported. Please update to mkdirp 1.x. (Note that the API surface has changed to use Promises in 1.x.)
198 verbose get https://registry.npmjs.org/ejs not expired, no request
199 verbose get https://registry.npmjs.org/minimatch not expired, no request
200 silly cache afterAdd sorted-object@2.0.1
201 verbose afterAdd /home/chanu/.npm/sorted-object/2.0.1/package/package.json not in flight; writing
202 verbose afterAdd /home/chanu/.npm/sorted-object/2.0.1/package/package.json written
203 silly cache afterAdd mkdirp@0.5.1
204 verbose afterAdd /home/chanu/.npm/mkdirp/0.5.1/package/package.json not in flight; writing
205 verbose afterAdd /home/chanu/.npm/mkdirp/0.5.1/package/package.json written
206 silly cache afterAdd ejs@2.6.1
207 verbose afterAdd /home/chanu/.npm/ejs/2.6.1/package/package.json not in flight; writing
208 verbose afterAdd /home/chanu/.npm/ejs/2.6.1/package/package.json written
209 silly cache afterAdd minimatch@3.0.4
210 verbose afterAdd /home/chanu/.npm/minimatch/3.0.4/package/package.json not in flight; writing
211 verbose afterAdd /home/chanu/.npm/minimatch/3.0.4/package/package.json written
212 silly fetchNamedPackageData brace-expansion
213 silly mapToRegistry name brace-expansion
214 silly mapToRegistry using default registry
215 silly mapToRegistry registry https://registry.npmjs.org/
216 silly mapToRegistry uri https://registry.npmjs.org/brace-expansion
217 verbose request uri https://registry.npmjs.org/brace-expansion
218 verbose request no auth needed
219 info attempt registry request try #1 at 11:35:11 AM
220 verbose etag W/"e1bb7280c24dff102c3475d67515cff5"
221 verbose lastModified Sat, 26 May 2018 18:55:42 GMT
222 http request GET https://registry.npmjs.org/brace-expansion
223 http 304 https://registry.npmjs.org/brace-expansion
224 verbose headers { date: 'Sat, 13 Jun 2020 06:05:12 GMT',
224 verbose headers   connection: 'keep-alive',
224 verbose headers   'set-cookie':
224 verbose headers    [ '__cfduid=df0c8f24bd713ade54e8d26910f18f6131592028311; expires=Mon, 13-Jul-20 06:05:11 GMT; path=/; domain=.npmjs.org; HttpOnly; SameSite=Lax' ],
224 verbose headers   'cf-ray': '5a299e50485c7f2f-CMB',
224 verbose headers   'cache-control': 'public, max-age=300',
224 verbose headers   etag: '"e1bb7280c24dff102c3475d67515cff5"',
224 verbose headers   'last-modified': 'Sat, 26 May 2018 18:55:42 GMT',
224 verbose headers   vary: 'Accept-Encoding',
224 verbose headers   'cf-cache-status': 'REVALIDATED',
224 verbose headers   'cf-request-id': '034de1462f00007f2f202a8200000001',
224 verbose headers   'expect-ct': 'max-age=604800, report-uri="https://report-uri.cloudflare.com/cdn-cgi/beacon/expect-ct"',
224 verbose headers   server: 'cloudflare' }
225 silly get cb [ 304,
225 silly get   { date: 'Sat, 13 Jun 2020 06:05:12 GMT',
225 silly get     connection: 'keep-alive',
225 silly get     'set-cookie':
225 silly get      [ '__cfduid=df0c8f24bd713ade54e8d26910f18f6131592028311; expires=Mon, 13-Jul-20 06:05:11 GMT; path=/; domain=.npmjs.org; HttpOnly; SameSite=Lax' ],
225 silly get     'cf-ray': '5a299e50485c7f2f-CMB',
225 silly get     'cache-control': 'public, max-age=300',
225 silly get     etag: '"e1bb7280c24dff102c3475d67515cff5"',
225 silly get     'last-modified': 'Sat, 26 May 2018 18:55:42 GMT',
225 silly get     vary: 'Accept-Encoding',
225 silly get     'cf-cache-status': 'REVALIDATED',
225 silly get     'cf-request-id': '034de1462f00007f2f202a8200000001',
225 silly get     'expect-ct': 'max-age=604800, report-uri="https://report-uri.cloudflare.com/cdn-cgi/beacon/expect-ct"',
225 silly get     server: 'cloudflare' } ]
226 verbose etag https://registry.npmjs.org/brace-expansion from cache
227 verbose get saving brace-expansion to /home/chanu/.npm/registry.npmjs.org/brace-expansion/.cache.json
228 silly resolveWithNewModule brace-expansion@1.1.11 checking installable status
229 silly cache add args [ 'brace-expansion@^1.1.7', null ]
230 verbose cache add spec brace-expansion@^1.1.7
231 silly cache add parsed spec Result {
231 silly cache add   raw: 'brace-expansion@^1.1.7',
231 silly cache add   scope: null,
231 silly cache add   name: 'brace-expansion',
231 silly cache add   rawSpec: '^1.1.7',
231 silly cache add   spec: '>=1.1.7 <2.0.0',
231 silly cache add   type: 'range' }
232 silly addNamed brace-expansion@>=1.1.7 <2.0.0
233 verbose addNamed ">=1.1.7 <2.0.0" is a valid semver range for brace-expansion
234 silly addNameRange { name: 'brace-expansion',
234 silly addNameRange   range: '>=1.1.7 <2.0.0',
234 silly addNameRange   hasData: false }
235 silly mapToRegistry name brace-expansion
236 silly mapToRegistry using default registry
237 silly mapToRegistry registry https://registry.npmjs.org/
238 silly mapToRegistry uri https://registry.npmjs.org/brace-expansion
239 verbose addNameRange registry:https://registry.npmjs.org/brace-expansion not in flight; fetching
240 verbose get https://registry.npmjs.org/brace-expansion not expired, no request
241 silly addNameRange number 2 { name: 'brace-expansion',
241 silly addNameRange   range: '>=1.1.7 <2.0.0',
241 silly addNameRange   hasData: true }
242 silly addNameRange versions [ 'brace-expansion',
242 silly addNameRange   [ '0.0.0',
242 silly addNameRange     '1.0.0',
242 silly addNameRange     '1.0.1',
242 silly addNameRange     '1.1.0',
242 silly addNameRange     '1.1.1',
242 silly addNameRange     '1.1.2',
242 silly addNameRange     '1.1.3',
242 silly addNameRange     '1.1.4',
242 silly addNameRange     '1.1.5',
242 silly addNameRange     '1.1.6',
242 silly addNameRange     '1.1.7',
242 silly addNameRange     '1.1.8',
242 silly addNameRange     '1.1.9',
242 silly addNameRange     '1.1.10',
242 silly addNameRange     '1.1.11' ] ]
243 silly addNamed brace-expansion@1.1.11
244 verbose addNamed "1.1.11" is a plain semver version for brace-expansion
245 silly cache afterAdd brace-expansion@1.1.11
246 verbose afterAdd /home/chanu/.npm/brace-expansion/1.1.11/package/package.json not in flight; writing
247 verbose afterAdd /home/chanu/.npm/brace-expansion/1.1.11/package/package.json written
248 silly fetchNamedPackageData balanced-match
249 silly mapToRegistry name balanced-match
250 silly mapToRegistry using default registry
251 silly mapToRegistry registry https://registry.npmjs.org/
252 silly mapToRegistry uri https://registry.npmjs.org/balanced-match
253 silly fetchNamedPackageData concat-map
254 silly mapToRegistry name concat-map
255 silly mapToRegistry using default registry
256 silly mapToRegistry registry https://registry.npmjs.org/
257 silly mapToRegistry uri https://registry.npmjs.org/concat-map
258 verbose request uri https://registry.npmjs.org/balanced-match
259 verbose request no auth needed
260 info attempt registry request try #1 at 11:35:12 AM
261 verbose etag W/"768eec147806bc710f6b097c6384abbf"
262 verbose lastModified Sat, 26 May 2018 18:06:43 GMT
263 http request GET https://registry.npmjs.org/balanced-match
264 verbose request uri https://registry.npmjs.org/concat-map
265 verbose request no auth needed
266 info attempt registry request try #1 at 11:35:12 AM
267 verbose etag W/"94c413d99b46c784f563e6153e58a1d4"
268 verbose lastModified Sat, 26 May 2018 20:40:55 GMT
269 http request GET https://registry.npmjs.org/concat-map
270 http 304 https://registry.npmjs.org/balanced-match
271 verbose headers { date: 'Sat, 13 Jun 2020 06:05:13 GMT',
271 verbose headers   connection: 'keep-alive',
271 verbose headers   'set-cookie':
271 verbose headers    [ '__cfduid=dd4881b92b8ec0d9560688b8e19e732721592028312; expires=Mon, 13-Jul-20 06:05:12 GMT; path=/; domain=.npmjs.org; HttpOnly; SameSite=Lax' ],
271 verbose headers   'cf-ray': '5a299e57de9e7f1d-CMB',
271 verbose headers   'cache-control': 'public, max-age=300',
271 verbose headers   etag: '"768eec147806bc710f6b097c6384abbf"',
271 verbose headers   'last-modified': 'Sat, 26 May 2018 18:06:43 GMT',
271 verbose headers   vary: 'Accept-Encoding',
271 verbose headers   'cf-cache-status': 'REVALIDATED',
271 verbose headers   'cf-request-id': '034de14ae400007f1d6b0e2200000001',
271 verbose headers   'expect-ct': 'max-age=604800, report-uri="https://report-uri.cloudflare.com/cdn-cgi/beacon/expect-ct"',
271 verbose headers   server: 'cloudflare' }
272 silly get cb [ 304,
272 silly get   { date: 'Sat, 13 Jun 2020 06:05:13 GMT',
272 silly get     connection: 'keep-alive',
272 silly get     'set-cookie':
272 silly get      [ '__cfduid=dd4881b92b8ec0d9560688b8e19e732721592028312; expires=Mon, 13-Jul-20 06:05:12 GMT; path=/; domain=.npmjs.org; HttpOnly; SameSite=Lax' ],
272 silly get     'cf-ray': '5a299e57de9e7f1d-CMB',
272 silly get     'cache-control': 'public, max-age=300',
272 silly get     etag: '"768eec147806bc710f6b097c6384abbf"',
272 silly get     'last-modified': 'Sat, 26 May 2018 18:06:43 GMT',
272 silly get     vary: 'Accept-Encoding',
272 silly get     'cf-cache-status': 'REVALIDATED',
272 silly get     'cf-request-id': '034de14ae400007f1d6b0e2200000001',
272 silly get     'expect-ct': 'max-age=604800, report-uri="https://report-uri.cloudflare.com/cdn-cgi/beacon/expect-ct"',
272 silly get     server: 'cloudflare' } ]
273 verbose etag https://registry.npmjs.org/balanced-match from cache
274 verbose get saving balanced-match to /home/chanu/.npm/registry.npmjs.org/balanced-match/.cache.json
275 http 304 https://registry.npmjs.org/concat-map
276 verbose headers { date: 'Sat, 13 Jun 2020 06:05:13 GMT',
276 verbose headers   connection: 'keep-alive',
276 verbose headers   'set-cookie':
276 verbose headers    [ '__cfduid=d7e847c9b33323cfb387bf74da5e48d861592028312; expires=Mon, 13-Jul-20 06:05:12 GMT; path=/; domain=.npmjs.org; HttpOnly; SameSite=Lax' ],
276 verbose headers   'cf-ray': '5a299e57de917f29-CMB',
276 verbose headers   'cache-control': 'public, max-age=300',
276 verbose headers   etag: '"94c413d99b46c784f563e6153e58a1d4"',
276 verbose headers   'last-modified': 'Sat, 26 May 2018 20:40:55 GMT',
276 verbose headers   vary: 'Accept-Encoding',
276 verbose headers   'cf-cache-status': 'REVALIDATED',
276 verbose headers   'cf-request-id': '034de14ae800007f2961be5200000001',
276 verbose headers   'expect-ct': 'max-age=604800, report-uri="https://report-uri.cloudflare.com/cdn-cgi/beacon/expect-ct"',
276 verbose headers   server: 'cloudflare' }
277 silly get cb [ 304,
277 silly get   { date: 'Sat, 13 Jun 2020 06:05:13 GMT',
277 silly get     connection: 'keep-alive',
277 silly get     'set-cookie':
277 silly get      [ '__cfduid=d7e847c9b33323cfb387bf74da5e48d861592028312; expires=Mon, 13-Jul-20 06:05:12 GMT; path=/; domain=.npmjs.org; HttpOnly; SameSite=Lax' ],
277 silly get     'cf-ray': '5a299e57de917f29-CMB',
277 silly get     'cache-control': 'public, max-age=300',
277 silly get     etag: '"94c413d99b46c784f563e6153e58a1d4"',
277 silly get     'last-modified': 'Sat, 26 May 2018 20:40:55 GMT',
277 silly get     vary: 'Accept-Encoding',
277 silly get     'cf-cache-status': 'REVALIDATED',
277 silly get     'cf-request-id': '034de14ae800007f2961be5200000001',
277 silly get     'expect-ct': 'max-age=604800, report-uri="https://report-uri.cloudflare.com/cdn-cgi/beacon/expect-ct"',
277 silly get     server: 'cloudflare' } ]
278 verbose etag https://registry.npmjs.org/concat-map from cache
279 verbose get saving concat-map to /home/chanu/.npm/registry.npmjs.org/concat-map/.cache.json
280 silly resolveWithNewModule balanced-match@1.0.0 checking installable status
281 silly cache add args [ 'balanced-match@^1.0.0', null ]
282 verbose cache add spec balanced-match@^1.0.0
283 silly cache add parsed spec Result {
283 silly cache add   raw: 'balanced-match@^1.0.0',
283 silly cache add   scope: null,
283 silly cache add   name: 'balanced-match',
283 silly cache add   rawSpec: '^1.0.0',
283 silly cache add   spec: '>=1.0.0 <2.0.0',
283 silly cache add   type: 'range' }
284 silly addNamed balanced-match@>=1.0.0 <2.0.0
285 verbose addNamed ">=1.0.0 <2.0.0" is a valid semver range for balanced-match
286 silly addNameRange { name: 'balanced-match',
286 silly addNameRange   range: '>=1.0.0 <2.0.0',
286 silly addNameRange   hasData: false }
287 silly mapToRegistry name balanced-match
288 silly mapToRegistry using default registry
289 silly mapToRegistry registry https://registry.npmjs.org/
290 silly mapToRegistry uri https://registry.npmjs.org/balanced-match
291 verbose addNameRange registry:https://registry.npmjs.org/balanced-match not in flight; fetching
292 silly resolveWithNewModule concat-map@0.0.1 checking installable status
293 silly cache add args [ 'concat-map@0.0.1', null ]
294 verbose cache add spec concat-map@0.0.1
295 silly cache add parsed spec Result {
295 silly cache add   raw: 'concat-map@0.0.1',
295 silly cache add   scope: null,
295 silly cache add   name: 'concat-map',
295 silly cache add   rawSpec: '0.0.1',
295 silly cache add   spec: '0.0.1',
295 silly cache add   type: 'version' }
296 silly addNamed concat-map@0.0.1
297 verbose addNamed "0.0.1" is a plain semver version for concat-map
298 silly mapToRegistry name concat-map
299 silly mapToRegistry using default registry
300 silly mapToRegistry registry https://registry.npmjs.org/
301 silly mapToRegistry uri https://registry.npmjs.org/concat-map
302 verbose addNameVersion registry:https://registry.npmjs.org/concat-map not in flight; fetching
303 verbose get https://registry.npmjs.org/balanced-match not expired, no request
304 silly addNameRange number 2 { name: 'balanced-match',
304 silly addNameRange   range: '>=1.0.0 <2.0.0',
304 silly addNameRange   hasData: true }
305 silly addNameRange versions [ 'balanced-match',
305 silly addNameRange   [ '0.0.0',
305 silly addNameRange     '0.0.1',
305 silly addNameRange     '0.1.0',
305 silly addNameRange     '0.2.0',
305 silly addNameRange     '0.2.1',
305 silly addNameRange     '0.3.0',
305 silly addNameRange     '0.4.0',
305 silly addNameRange     '0.4.1',
305 silly addNameRange     '0.4.2',
305 silly addNameRange     '1.0.0' ] ]
306 silly addNamed balanced-match@1.0.0
307 verbose addNamed "1.0.0" is a plain semver version for balanced-match
308 verbose get https://registry.npmjs.org/concat-map not expired, no request
309 silly cache afterAdd balanced-match@1.0.0
310 verbose afterAdd /home/chanu/.npm/balanced-match/1.0.0/package/package.json not in flight; writing
311 verbose afterAdd /home/chanu/.npm/balanced-match/1.0.0/package/package.json written
312 silly cache afterAdd concat-map@0.0.1
313 verbose afterAdd /home/chanu/.npm/concat-map/0.0.1/package/package.json not in flight; writing
314 verbose afterAdd /home/chanu/.npm/concat-map/0.0.1/package/package.json written
315 silly fetchNamedPackageData minimist
316 silly mapToRegistry name minimist
317 silly mapToRegistry using default registry
318 silly mapToRegistry registry https://registry.npmjs.org/
319 silly mapToRegistry uri https://registry.npmjs.org/minimist
320 verbose request uri https://registry.npmjs.org/minimist
321 verbose request no auth needed
322 info attempt registry request try #1 at 11:35:13 AM
323 verbose etag W/"ab6c93df45eeb8867cab5ea4f62b4b74"
324 verbose lastModified Thu, 12 Mar 2020 22:16:24 GMT
325 http request GET https://registry.npmjs.org/minimist
326 http 304 https://registry.npmjs.org/minimist
327 verbose headers { date: 'Sat, 13 Jun 2020 06:05:14 GMT',
327 verbose headers   connection: 'keep-alive',
327 verbose headers   'set-cookie':
327 verbose headers    [ '__cfduid=db928fc02ab11a7911185f1ce14794a331592028313; expires=Mon, 13-Jul-20 06:05:13 GMT; path=/; domain=.npmjs.org; HttpOnly; SameSite=Lax' ],
327 verbose headers   'cf-ray': '5a299e608b837f35-CMB',
327 verbose headers   'cache-control': 'public, max-age=300',
327 verbose headers   etag: '"ab6c93df45eeb8867cab5ea4f62b4b74"',
327 verbose headers   'last-modified': 'Thu, 12 Mar 2020 22:16:24 GMT',
327 verbose headers   vary: 'Accept-Encoding',
327 verbose headers   'cf-cache-status': 'REVALIDATED',
327 verbose headers   'cf-request-id': '034de1505400007f35ef8c3200000001',
327 verbose headers   'expect-ct': 'max-age=604800, report-uri="https://report-uri.cloudflare.com/cdn-cgi/beacon/expect-ct"',
327 verbose headers   server: 'cloudflare' }
328 silly get cb [ 304,
328 silly get   { date: 'Sat, 13 Jun 2020 06:05:14 GMT',
328 silly get     connection: 'keep-alive',
328 silly get     'set-cookie':
328 silly get      [ '__cfduid=db928fc02ab11a7911185f1ce14794a331592028313; expires=Mon, 13-Jul-20 06:05:13 GMT; path=/; domain=.npmjs.org; HttpOnly; SameSite=Lax' ],
328 silly get     'cf-ray': '5a299e608b837f35-CMB',
328 silly get     'cache-control': 'public, max-age=300',
328 silly get     etag: '"ab6c93df45eeb8867cab5ea4f62b4b74"',
328 silly get     'last-modified': 'Thu, 12 Mar 2020 22:16:24 GMT',
328 silly get     vary: 'Accept-Encoding',
328 silly get     'cf-cache-status': 'REVALIDATED',
328 silly get     'cf-request-id': '034de1505400007f35ef8c3200000001',
328 silly get     'expect-ct': 'max-age=604800, report-uri="https://report-uri.cloudflare.com/cdn-cgi/beacon/expect-ct"',
328 silly get     server: 'cloudflare' } ]
329 verbose etag https://registry.npmjs.org/minimist from cache
330 verbose get saving minimist to /home/chanu/.npm/registry.npmjs.org/minimist/.cache.json
331 silly resolveWithNewModule minimist@0.0.8 checking installable status
332 silly cache add args [ 'minimist@0.0.8', null ]
333 verbose cache add spec minimist@0.0.8
334 silly cache add parsed spec Result {
334 silly cache add   raw: 'minimist@0.0.8',
334 silly cache add   scope: null,
334 silly cache add   name: 'minimist',
334 silly cache add   rawSpec: '0.0.8',
334 silly cache add   spec: '0.0.8',
334 silly cache add   type: 'version' }
335 silly addNamed minimist@0.0.8
336 verbose addNamed "0.0.8" is a plain semver version for minimist
337 silly mapToRegistry name minimist
338 silly mapToRegistry using default registry
339 silly mapToRegistry registry https://registry.npmjs.org/
340 silly mapToRegistry uri https://registry.npmjs.org/minimist
341 verbose addNameVersion registry:https://registry.npmjs.org/minimist not in flight; fetching
342 verbose get https://registry.npmjs.org/minimist not expired, no request
343 silly cache afterAdd minimist@0.0.8
344 verbose afterAdd /home/chanu/.npm/minimist/0.0.8/package/package.json not in flight; writing
345 verbose afterAdd /home/chanu/.npm/minimist/0.0.8/package/package.json written
346 silly loadAllDepsIntoIdealTree Finishing
347 silly idealTree:prePrune lib
347 silly idealTree:prePrune └─┬ express-generator@4.16.1
347 silly idealTree:prePrune   ├── balanced-match@1.0.0
347 silly idealTree:prePrune   ├── brace-expansion@1.1.11
347 silly idealTree:prePrune   ├── commander@2.15.1
347 silly idealTree:prePrune   ├── concat-map@0.0.1
347 silly idealTree:prePrune   ├── ejs@2.6.1
347 silly idealTree:prePrune   ├── minimatch@3.0.4
347 silly idealTree:prePrune   ├── minimist@0.0.8
347 silly idealTree:prePrune   ├── mkdirp@0.5.1
347 silly idealTree:prePrune   └── sorted-object@2.0.1
348 silly loadIdealTree Finishing
349 silly currentTree lib
349 silly currentTree └─┬ express-generator@4.16.1
349 silly currentTree   ├── balanced-match@1.0.0
349 silly currentTree   ├── brace-expansion@1.1.11
349 silly currentTree   ├── commander@2.15.1
349 silly currentTree   ├── concat-map@0.0.1
349 silly currentTree   ├── ejs@2.6.1
349 silly currentTree   ├── minimatch@3.0.4
349 silly currentTree   ├── minimist@0.0.8
349 silly currentTree   ├── mkdirp@0.5.1
349 silly currentTree   └── sorted-object@2.0.1
350 silly idealTree lib
350 silly idealTree └─┬ express-generator@4.16.1
350 silly idealTree   ├── balanced-match@1.0.0
350 silly idealTree   ├── brace-expansion@1.1.11
350 silly idealTree   ├── commander@2.15.1
350 silly idealTree   ├── concat-map@0.0.1
350 silly idealTree   ├── ejs@2.6.1
350 silly idealTree   ├── minimatch@3.0.4
350 silly idealTree   ├── minimist@0.0.8
350 silly idealTree   ├── mkdirp@0.5.1
350 silly idealTree   └── sorted-object@2.0.1
351 silly generateActionsToTake Starting
352 silly install generateActionsToTake
353 warn checkPermissions Missing write access to /usr/local/lib/node_modules/express-generator
354 warn checkPermissions Missing write access to /usr/local/lib/node_modules
355 silly rollbackFailedOptional Starting
356 silly rollbackFailedOptional Finishing
357 silly runTopLevelLifecycles Starting
358 silly runTopLevelLifecycles Finishing
359 silly install printInstalled
360 verbose stack Error: EACCES: permission denied, access '/usr/local/lib/node_modules/express-generator'
361 verbose cwd /home/chanu/Desktop/OOSD/WebDevWithNode
362 error Linux 5.3.0-59-generic
363 error argv "/usr/bin/node" "/usr/bin/npm" "install" "-g" "express-generator"
364 error node v8.10.0
365 error npm  v3.5.2
366 error path /usr/local/lib/node_modules/express-generator
367 error code EACCES
368 error errno -13
369 error syscall access
370 error Error: EACCES: permission denied, access '/usr/local/lib/node_modules/express-generator'
370 error  { Error: EACCES: permission denied, access '/usr/local/lib/node_modules/express-generator'
370 error   errno: -13,
370 error   code: 'EACCES',
370 error   syscall: 'access',
370 error   path: '/usr/local/lib/node_modules/express-generator' }
371 error Please try running this command again as root/Administrator.
372 verbose exit [ -13, true ]
